<?xml version="1.0" encoding="UTF-8"?>
<!-- Generated by org.testng.reporters.JUnitReportReporter -->
<testsuite hostname="Admins-MacBook-Pro.local" failures="0" tests="1" name="MainLibrary.MainTestClass" time="34.403" errors="0" timestamp="12 Apr 2022 01:59:05 GMT">
  <testcase classname="MainLibrary.MainTestClass" name="AmazonSignIn" time="34.403"/>
</testsuite> <!-- MainLibrary.MainTestClass -->
