<?xml version="1.0" encoding="UTF-8"?>
<!-- Generated by org.testng.reporters.JUnitReportReporter -->
<testsuite hostname="Admins-MacBook-Pro.local" failures="0" tests="2" name="MainLibrary.MainTestClass" time="22.603" errors="0" timestamp="2022-04-11T18:21:01 IST" skipped="0">
  <testcase classname="MainLibrary.MainTestClass" name="AmazonSignIn" time="16.372"/>
  <system-out/>
  <testcase classname="MainLibrary.MainTestClass" name="demo" time="6.231"/>
  <system-out/>
</testsuite> <!-- MainLibrary.MainTestClass -->
