<?xml version="1.0" encoding="UTF-8"?>
<!-- Generated by org.testng.reporters.JUnitReportReporter -->
<testsuite hostname="LCHARITH-IN" name="MainLibrary.MainTestClass" tests="1" failures="0" timestamp="15 Apr 2022 07:21:16 GMT" time="23.660" errors="0">
  <testcase name="AmazonSignIn" time="23.660" classname="MainLibrary.MainTestClass"/>
</testsuite> <!-- MainLibrary.MainTestClass -->
