<?xml version="1.0" encoding="UTF-8"?>
<testsuite xmlns:xsi="http://www.w3.org/2001/XMLSchema-instance" xsi:noNamespaceSchemaLocation="https://maven.apache.org/surefire/maven-surefire-plugin/xsd/surefire-test-report-3.0.xsd" version="3.0" name="TestSuite" time="35.985" tests="1" errors="0" skipped="0" failures="0">
  <properties>
    <property name="java.specification.version" value="17"/>
    <property name="sun.jnu.encoding" value="UTF-8"/>
    <property name="java.class.path" value="/Users/admin/eclipse-workspace/Selenium_FT123/target/test-classes:/Users/admin/eclipse-workspace/Selenium_FT123/target/classes:/Users/admin/.m2/repository/io/github/bonigarcia/webdrivermanager/5.1.0/webdrivermanager-5.1.0.jar:/Users/admin/.m2/repository/org/slf4j/slf4j-api/1.7.36/slf4j-api-1.7.36.jar:/Users/admin/.m2/repository/com/google/code/gson/gson/2.9.0/gson-2.9.0.jar:/Users/admin/.m2/repository/com/github/docker-java/docker-java/3.2.13/docker-java-3.2.13.jar:/Users/admin/.m2/repository/com/github/docker-java/docker-java-core/3.2.13/docker-java-core-3.2.13.jar:/Users/admin/.m2/repository/com/github/docker-java/docker-java-api/3.2.13/docker-java-api-3.2.13.jar:/Users/admin/.m2/repository/com/fasterxml/jackson/core/jackson-annotations/2.10.3/jackson-annotations-2.10.3.jar:/Users/admin/.m2/repository/commons-io/commons-io/2.6/commons-io-2.6.jar:/Users/admin/.m2/repository/com/fasterxml/jackson/core/jackson-databind/2.10.3/jackson-databind-2.10.3.jar:/Users/admin/.m2/repository/com/fasterxml/jackson/core/jackson-core/2.10.3/jackson-core-2.10.3.jar:/Users/admin/.m2/repository/org/bouncycastle/bcpkix-jdk15on/1.64/bcpkix-jdk15on-1.64.jar:/Users/admin/.m2/repository/org/bouncycastle/bcprov-jdk15on/1.64/bcprov-jdk15on-1.64.jar:/Users/admin/.m2/repository/org/slf4j/jcl-over-slf4j/1.7.30/jcl-over-slf4j-1.7.30.jar:/Users/admin/.m2/repository/com/github/docker-java/docker-java-transport-httpclient5/3.2.13/docker-java-transport-httpclient5-3.2.13.jar:/Users/admin/.m2/repository/com/github/docker-java/docker-java-transport/3.2.13/docker-java-transport-3.2.13.jar:/Users/admin/.m2/repository/org/apache/httpcomponents/client5/httpclient5/5.0.3/httpclient5-5.0.3.jar:/Users/admin/.m2/repository/org/apache/httpcomponents/core5/httpcore5/5.0.2/httpcore5-5.0.2.jar:/Users/admin/.m2/repository/net/java/dev/jna/jna/5.8.0/jna-5.8.0.jar:/Users/admin/.m2/repository/org/brotli/dec/0.1.2/dec-0.1.2.jar:/Users/admin/.m2/repository/org/apache/commons/commons-lang3/3.12.0/commons-lang3-3.12.0.jar:/Users/admin/.m2/repository/org/seleniumhq/selenium/selenium-java/3.14.0/selenium-java-3.14.0.jar:/Users/admin/.m2/repository/org/seleniumhq/selenium/selenium-api/3.14.0/selenium-api-3.14.0.jar:/Users/admin/.m2/repository/org/seleniumhq/selenium/selenium-chrome-driver/3.14.0/selenium-chrome-driver-3.14.0.jar:/Users/admin/.m2/repository/org/seleniumhq/selenium/selenium-edge-driver/3.14.0/selenium-edge-driver-3.14.0.jar:/Users/admin/.m2/repository/org/seleniumhq/selenium/selenium-firefox-driver/3.14.0/selenium-firefox-driver-3.14.0.jar:/Users/admin/.m2/repository/org/seleniumhq/selenium/selenium-ie-driver/3.14.0/selenium-ie-driver-3.14.0.jar:/Users/admin/.m2/repository/org/seleniumhq/selenium/selenium-opera-driver/3.14.0/selenium-opera-driver-3.14.0.jar:/Users/admin/.m2/repository/org/seleniumhq/selenium/selenium-remote-driver/3.14.0/selenium-remote-driver-3.14.0.jar:/Users/admin/.m2/repository/org/seleniumhq/selenium/selenium-safari-driver/3.14.0/selenium-safari-driver-3.14.0.jar:/Users/admin/.m2/repository/org/seleniumhq/selenium/selenium-support/3.14.0/selenium-support-3.14.0.jar:/Users/admin/.m2/repository/net/bytebuddy/byte-buddy/1.8.15/byte-buddy-1.8.15.jar:/Users/admin/.m2/repository/org/apache/commons/commons-exec/1.3/commons-exec-1.3.jar:/Users/admin/.m2/repository/commons-codec/commons-codec/1.10/commons-codec-1.10.jar:/Users/admin/.m2/repository/commons-logging/commons-logging/1.2/commons-logging-1.2.jar:/Users/admin/.m2/repository/com/google/guava/guava/25.0-jre/guava-25.0-jre.jar:/Users/admin/.m2/repository/com/google/code/findbugs/jsr305/1.3.9/jsr305-1.3.9.jar:/Users/admin/.m2/repository/org/checkerframework/checker-compat-qual/2.0.0/checker-compat-qual-2.0.0.jar:/Users/admin/.m2/repository/com/google/errorprone/error_prone_annotations/2.1.3/error_prone_annotations-2.1.3.jar:/Users/admin/.m2/repository/com/google/j2objc/j2objc-annotations/1.1/j2objc-annotations-1.1.jar:/Users/admin/.m2/repository/org/codehaus/mojo/animal-sniffer-annotations/1.14/animal-sniffer-annotations-1.14.jar:/Users/admin/.m2/repository/org/apache/httpcomponents/httpclient/4.5.5/httpclient-4.5.5.jar:/Users/admin/.m2/repository/org/apache/httpcomponents/httpcore/4.4.9/httpcore-4.4.9.jar:/Users/admin/.m2/repository/com/squareup/okhttp3/okhttp/3.10.0/okhttp-3.10.0.jar:/Users/admin/.m2/repository/com/squareup/okio/okio/1.14.1/okio-1.14.1.jar:/Users/admin/.m2/repository/org/apache/poi/poi/4.1.1/poi-4.1.1.jar:/Users/admin/.m2/repository/org/apache/commons/commons-collections4/4.4/commons-collections4-4.4.jar:/Users/admin/.m2/repository/org/apache/commons/commons-math3/3.6.1/commons-math3-3.6.1.jar:/Users/admin/.m2/repository/org/apache/poi/poi-ooxml/4.1.1/poi-ooxml-4.1.1.jar:/Users/admin/.m2/repository/org/apache/poi/poi-ooxml-schemas/4.1.1/poi-ooxml-schemas-4.1.1.jar:/Users/admin/.m2/repository/org/apache/xmlbeans/xmlbeans/3.1.0/xmlbeans-3.1.0.jar:/Users/admin/.m2/repository/org/apache/commons/commons-compress/1.19/commons-compress-1.19.jar:/Users/admin/.m2/repository/com/github/virtuald/curvesapi/1.06/curvesapi-1.06.jar:/Users/admin/.m2/repository/com/aventstack/extentreports/4.1.4/extentreports-4.1.4.jar:/Users/admin/.m2/repository/org/freemarker/freemarker/2.3.29/freemarker-2.3.29.jar:/Users/admin/.m2/repository/org/apache/httpcomponents/httpmime/4.5.2/httpmime-4.5.2.jar:/Users/admin/.m2/repository/org/mongodb/mongodb-driver/3.12.0/mongodb-driver-3.12.0.jar:/Users/admin/.m2/repository/org/mongodb/mongodb-driver-core/3.12.0/mongodb-driver-core-3.12.0.jar:/Users/admin/.m2/repository/org/mongodb/bson/3.12.0/bson-3.12.0.jar:/Users/admin/.m2/repository/org/testng/testng/6.8/testng-6.8.jar:/Users/admin/.m2/repository/junit/junit/4.10/junit-4.10.jar:/Users/admin/.m2/repository/org/hamcrest/hamcrest-core/1.1/hamcrest-core-1.1.jar:/Users/admin/.m2/repository/org/beanshell/bsh/2.0b4/bsh-2.0b4.jar:/Users/admin/.m2/repository/com/beust/jcommander/1.27/jcommander-1.27.jar:/Users/admin/.m2/repository/org/yaml/snakeyaml/1.6/snakeyaml-1.6.jar:"/>
    <property name="java.vm.vendor" value="Eclipse Adoptium"/>
    <property name="sun.arch.data.model" value="64"/>
    <property name="java.vendor.url" value="https://adoptium.net/"/>
    <property name="os.name" value="Mac OS X"/>
    <property name="java.vm.specification.version" value="17"/>
    <property name="sun.java.launcher" value="SUN_STANDARD"/>
    <property name="user.country" value="IN"/>
    <property name="sun.boot.library.path" value="/Users/admin/.p2/pool/plugins/org.eclipse.justj.openjdk.hotspot.jre.full.macosx.x86_64_17.0.2.v20220201-1208/jre/lib"/>
    <property name="sun.java.command" value="/Users/admin/eclipse-workspace/Selenium_FT123/target/surefire/surefirebooter16403387903487132817.jar /Users/admin/eclipse-workspace/Selenium_FT123/target/surefire 2022-04-12T07-28-28_914-jvmRun1 surefire3549558720693240771tmp surefire_08647671518959258893tmp"/>
    <property name="http.nonProxyHosts" value="local|*.local|169.254/16|*.169.254/16"/>
    <property name="jdk.debug" value="release"/>
    <property name="surefire.test.class.path" value="/Users/admin/eclipse-workspace/Selenium_FT123/target/test-classes:/Users/admin/eclipse-workspace/Selenium_FT123/target/classes:/Users/admin/.m2/repository/io/github/bonigarcia/webdrivermanager/5.1.0/webdrivermanager-5.1.0.jar:/Users/admin/.m2/repository/org/slf4j/slf4j-api/1.7.36/slf4j-api-1.7.36.jar:/Users/admin/.m2/repository/com/google/code/gson/gson/2.9.0/gson-2.9.0.jar:/Users/admin/.m2/repository/com/github/docker-java/docker-java/3.2.13/docker-java-3.2.13.jar:/Users/admin/.m2/repository/com/github/docker-java/docker-java-core/3.2.13/docker-java-core-3.2.13.jar:/Users/admin/.m2/repository/com/github/docker-java/docker-java-api/3.2.13/docker-java-api-3.2.13.jar:/Users/admin/.m2/repository/com/fasterxml/jackson/core/jackson-annotations/2.10.3/jackson-annotations-2.10.3.jar:/Users/admin/.m2/repository/commons-io/commons-io/2.6/commons-io-2.6.jar:/Users/admin/.m2/repository/com/fasterxml/jackson/core/jackson-databind/2.10.3/jackson-databind-2.10.3.jar:/Users/admin/.m2/repository/com/fasterxml/jackson/core/jackson-core/2.10.3/jackson-core-2.10.3.jar:/Users/admin/.m2/repository/org/bouncycastle/bcpkix-jdk15on/1.64/bcpkix-jdk15on-1.64.jar:/Users/admin/.m2/repository/org/bouncycastle/bcprov-jdk15on/1.64/bcprov-jdk15on-1.64.jar:/Users/admin/.m2/repository/org/slf4j/jcl-over-slf4j/1.7.30/jcl-over-slf4j-1.7.30.jar:/Users/admin/.m2/repository/com/github/docker-java/docker-java-transport-httpclient5/3.2.13/docker-java-transport-httpclient5-3.2.13.jar:/Users/admin/.m2/repository/com/github/docker-java/docker-java-transport/3.2.13/docker-java-transport-3.2.13.jar:/Users/admin/.m2/repository/org/apache/httpcomponents/client5/httpclient5/5.0.3/httpclient5-5.0.3.jar:/Users/admin/.m2/repository/org/apache/httpcomponents/core5/httpcore5/5.0.2/httpcore5-5.0.2.jar:/Users/admin/.m2/repository/net/java/dev/jna/jna/5.8.0/jna-5.8.0.jar:/Users/admin/.m2/repository/org/brotli/dec/0.1.2/dec-0.1.2.jar:/Users/admin/.m2/repository/org/apache/commons/commons-lang3/3.12.0/commons-lang3-3.12.0.jar:/Users/admin/.m2/repository/org/seleniumhq/selenium/selenium-java/3.14.0/selenium-java-3.14.0.jar:/Users/admin/.m2/repository/org/seleniumhq/selenium/selenium-api/3.14.0/selenium-api-3.14.0.jar:/Users/admin/.m2/repository/org/seleniumhq/selenium/selenium-chrome-driver/3.14.0/selenium-chrome-driver-3.14.0.jar:/Users/admin/.m2/repository/org/seleniumhq/selenium/selenium-edge-driver/3.14.0/selenium-edge-driver-3.14.0.jar:/Users/admin/.m2/repository/org/seleniumhq/selenium/selenium-firefox-driver/3.14.0/selenium-firefox-driver-3.14.0.jar:/Users/admin/.m2/repository/org/seleniumhq/selenium/selenium-ie-driver/3.14.0/selenium-ie-driver-3.14.0.jar:/Users/admin/.m2/repository/org/seleniumhq/selenium/selenium-opera-driver/3.14.0/selenium-opera-driver-3.14.0.jar:/Users/admin/.m2/repository/org/seleniumhq/selenium/selenium-remote-driver/3.14.0/selenium-remote-driver-3.14.0.jar:/Users/admin/.m2/repository/org/seleniumhq/selenium/selenium-safari-driver/3.14.0/selenium-safari-driver-3.14.0.jar:/Users/admin/.m2/repository/org/seleniumhq/selenium/selenium-support/3.14.0/selenium-support-3.14.0.jar:/Users/admin/.m2/repository/net/bytebuddy/byte-buddy/1.8.15/byte-buddy-1.8.15.jar:/Users/admin/.m2/repository/org/apache/commons/commons-exec/1.3/commons-exec-1.3.jar:/Users/admin/.m2/repository/commons-codec/commons-codec/1.10/commons-codec-1.10.jar:/Users/admin/.m2/repository/commons-logging/commons-logging/1.2/commons-logging-1.2.jar:/Users/admin/.m2/repository/com/google/guava/guava/25.0-jre/guava-25.0-jre.jar:/Users/admin/.m2/repository/com/google/code/findbugs/jsr305/1.3.9/jsr305-1.3.9.jar:/Users/admin/.m2/repository/org/checkerframework/checker-compat-qual/2.0.0/checker-compat-qual-2.0.0.jar:/Users/admin/.m2/repository/com/google/errorprone/error_prone_annotations/2.1.3/error_prone_annotations-2.1.3.jar:/Users/admin/.m2/repository/com/google/j2objc/j2objc-annotations/1.1/j2objc-annotations-1.1.jar:/Users/admin/.m2/repository/org/codehaus/mojo/animal-sniffer-annotations/1.14/animal-sniffer-annotations-1.14.jar:/Users/admin/.m2/repository/org/apache/httpcomponents/httpclient/4.5.5/httpclient-4.5.5.jar:/Users/admin/.m2/repository/org/apache/httpcomponents/httpcore/4.4.9/httpcore-4.4.9.jar:/Users/admin/.m2/repository/com/squareup/okhttp3/okhttp/3.10.0/okhttp-3.10.0.jar:/Users/admin/.m2/repository/com/squareup/okio/okio/1.14.1/okio-1.14.1.jar:/Users/admin/.m2/repository/org/apache/poi/poi/4.1.1/poi-4.1.1.jar:/Users/admin/.m2/repository/org/apache/commons/commons-collections4/4.4/commons-collections4-4.4.jar:/Users/admin/.m2/repository/org/apache/commons/commons-math3/3.6.1/commons-math3-3.6.1.jar:/Users/admin/.m2/repository/org/apache/poi/poi-ooxml/4.1.1/poi-ooxml-4.1.1.jar:/Users/admin/.m2/repository/org/apache/poi/poi-ooxml-schemas/4.1.1/poi-ooxml-schemas-4.1.1.jar:/Users/admin/.m2/repository/org/apache/xmlbeans/xmlbeans/3.1.0/xmlbeans-3.1.0.jar:/Users/admin/.m2/repository/org/apache/commons/commons-compress/1.19/commons-compress-1.19.jar:/Users/admin/.m2/repository/com/github/virtuald/curvesapi/1.06/curvesapi-1.06.jar:/Users/admin/.m2/repository/com/aventstack/extentreports/4.1.4/extentreports-4.1.4.jar:/Users/admin/.m2/repository/org/freemarker/freemarker/2.3.29/freemarker-2.3.29.jar:/Users/admin/.m2/repository/org/apache/httpcomponents/httpmime/4.5.2/httpmime-4.5.2.jar:/Users/admin/.m2/repository/org/mongodb/mongodb-driver/3.12.0/mongodb-driver-3.12.0.jar:/Users/admin/.m2/repository/org/mongodb/mongodb-driver-core/3.12.0/mongodb-driver-core-3.12.0.jar:/Users/admin/.m2/repository/org/mongodb/bson/3.12.0/bson-3.12.0.jar:/Users/admin/.m2/repository/org/testng/testng/6.8/testng-6.8.jar:/Users/admin/.m2/repository/junit/junit/4.10/junit-4.10.jar:/Users/admin/.m2/repository/org/hamcrest/hamcrest-core/1.1/hamcrest-core-1.1.jar:/Users/admin/.m2/repository/org/beanshell/bsh/2.0b4/bsh-2.0b4.jar:/Users/admin/.m2/repository/com/beust/jcommander/1.27/jcommander-1.27.jar:/Users/admin/.m2/repository/org/yaml/snakeyaml/1.6/snakeyaml-1.6.jar:"/>
    <property name="sun.cpu.endian" value="little"/>
    <property name="user.home" value="/Users/admin"/>
    <property name="user.language" value="en"/>
    <property name="java.specification.vendor" value="Oracle Corporation"/>
    <property name="java.version.date" value="2022-01-18"/>
    <property name="java.home" value="/Users/admin/.p2/pool/plugins/org.eclipse.justj.openjdk.hotspot.jre.full.macosx.x86_64_17.0.2.v20220201-1208/jre"/>
    <property name="file.separator" value="/"/>
    <property name="basedir" value="/Users/admin/eclipse-workspace/Selenium_FT123"/>
    <property name="java.vm.compressedOopsMode" value="Zero based"/>
    <property name="line.separator" value="&#10;"/>
    <property name="java.vm.specification.vendor" value="Oracle Corporation"/>
    <property name="java.specification.name" value="Java Platform API Specification"/>
    <property name="surefire.real.class.path" value="/Users/admin/eclipse-workspace/Selenium_FT123/target/surefire/surefirebooter16403387903487132817.jar"/>
    <property name="sun.management.compiler" value="HotSpot 64-Bit Tiered Compilers"/>
    <property name="ftp.nonProxyHosts" value="local|*.local|169.254/16|*.169.254/16"/>
    <property name="java.runtime.version" value="17.0.2+8"/>
    <property name="user.name" value="admin"/>
    <property name="path.separator" value=":"/>
    <property name="xmlFile" value="testng.xml"/>
    <property name="os.version" value="12.2.1"/>
    <property name="java.runtime.name" value="OpenJDK Runtime Environment"/>
    <property name="file.encoding" value="UTF-8"/>
    <property name="java.vm.name" value="OpenJDK 64-Bit Server VM"/>
    <property name="java.vendor.version" value="Temurin-17.0.2+8"/>
    <property name="localRepository" value="/Users/admin/.m2/repository"/>
    <property name="java.vendor.url.bug" value="https://github.com/adoptium/adoptium-support/issues"/>
    <property name="java.io.tmpdir" value="/var/folders/qy/fpr22_5n4hl6clzdwb0815p80000gn/T/"/>
    <property name="java.version" value="17.0.2"/>
    <property name="user.dir" value="/Users/admin/eclipse-workspace/Selenium_FT123"/>
    <property name="os.arch" value="x86_64"/>
    <property name="java.vm.specification.name" value="Java Virtual Machine Specification"/>
    <property name="native.encoding" value="UTF-8"/>
    <property name="java.library.path" value="/Users/admin/Library/Java/Extensions:/Library/Java/Extensions:/Network/Library/Java/Extensions:/System/Library/Java/Extensions:/usr/lib/java:."/>
    <property name="java.vm.info" value="mixed mode"/>
    <property name="java.vendor" value="Eclipse Adoptium"/>
    <property name="java.vm.version" value="17.0.2+8"/>
    <property name="sun.io.unicode.encoding" value="UnicodeBig"/>
    <property name="socksNonProxyHosts" value="local|*.local|169.254/16|*.169.254/16"/>
    <property name="java.class.version" value="61.0"/>
  </properties>
  <testcase name="AmazonSignIn" classname="MainLibrary.MainTestClass" time="16.205"/>
</testsuite>